#
# A fatal error has been detected by the Java Runtime Environment:
#
#  SIGSEGV (0xb) at pc=0x0000000101d90e2c, pid=2978, tid=21763
#
# JRE version: Java(TM) SE Runtime Environment (11.0.1+13) (build 11.0.1+13-LTS)
# Java VM: Java HotSpot(TM) 64-Bit Server VM (11.0.1+13-LTS, mixed mode, tiered, compressed oops, g1 gc, bsd-amd64)
# Problematic frame:
# V  [libjvm.dylib+0x390e2c]  _ZL13binary_searchPK5ArrayIP6MethodEPK6Symbol+0x29
#
# No core dump will be written. Core dumps have been disabled. To enable core dumping, try "ulimit -c unlimited" before starting Java again
#
# If you would like to submit a bug report, please visit:
#   http://bugreport.java.com/bugreport/crash.jsp
#

---------------  S U M M A R Y ------------

Command Line: -Dfile.encoding=UTF-8 Leitura4.AccountTest

Host: MacBookPro9,2 x86_64 2500 MHz, 4 cores, 10G, Darwin 17.7.0
Time: Tue Jan  1 03:14:13 2019 -02 elapsed time: 3 seconds (0d 0h 0m 3s)

---------------  T H R E A D  ---------------

Current thread (0x00007f85e500e000):  JavaThread "C1 CompilerThread0" daemon [_thread_in_vm, id=21763, stack(0x000070000a886000,0x000070000a986000)]


Current CompileTask:
C1:   3273  915       3       java.awt.Container::findComponentAtImpl (161 bytes)

Stack: [0x000070000a886000,0x000070000a986000],  sp=0x000070000a984c80,  free space=1019k
Native frames: (J=compiled Java code, A=aot compiled Java code, j=interpreted, Vv=VM code, C=native code)
V  [libjvm.dylib+0x390e2c]  _ZL13binary_searchPK5ArrayIP6MethodEPK6Symbol+0x29
V  [libjvm.dylib+0x390cad]  _ZN13InstanceKlass17find_method_indexEPK5ArrayIP6MethodEPK6SymbolS8_N5Klass18OverpassLookupModeENS9_16StaticLookupModeENS9_17PrivateLookupModeE+0x2b
V  [libjvm.dylib+0x390bf0]  _ZNK13InstanceKlass20find_instance_methodEPK6SymbolS2_N5Klass17PrivateLookupModeE+0x26
V  [libjvm.dylib+0x2847cc]  _ZN20ClassHierarchyWalker10is_witnessEP5Klass+0x3c
V  [libjvm.dylib+0x284ad2]  _ZN20ClassHierarchyWalker21find_witness_anywhereEP5Klassbb+0x20a
V  [libjvm.dylib+0x284fb4]  _ZN12Dependencies27find_unique_concrete_methodEP5KlassP6Method+0x6a
V  [libjvm.dylib+0x1d3896]  _ZN8ciMethod23find_monomorphic_targetEP15ciInstanceKlassS1_S1_b+0x134
V  [libjvm.dylib+0x159e52]  _ZN12GraphBuilder6invokeEN9Bytecodes4CodeE+0xd7c
V  [libjvm.dylib+0x15b9fd]  _ZN12GraphBuilder27iterate_bytecodes_for_blockEi+0x261
V  [libjvm.dylib+0x15d69d]  _ZN12GraphBuilder18iterate_all_blocksEb+0x69
V  [libjvm.dylib+0x15e662]  _ZN12GraphBuilderC2EP11CompilationP7IRScope+0x2ca
V  [libjvm.dylib+0x1649ec]  _ZN7IRScopeC2EP11CompilationPS_iP8ciMethodib+0x10c
V  [libjvm.dylib+0x164e02]  _ZN2IRC2EP11CompilationP8ciMethodi+0x78
V  [libjvm.dylib+0x14e183]  _ZN11Compilation9build_hirEv+0xaf
V  [libjvm.dylib+0x14e9df]  _ZN11Compilation19compile_java_methodEv+0x5b
V  [libjvm.dylib+0x14ec3b]  _ZN11Compilation14compile_methodEv+0x71
V  [libjvm.dylib+0x14ee60]  _ZN11CompilationC2EP16AbstractCompilerP5ciEnvP8ciMethodiP10BufferBlobP12DirectiveSet+0x180
V  [libjvm.dylib+0x150285]  _ZN8Compiler14compile_methodEP5ciEnvP8ciMethodiP12DirectiveSet+0x61
V  [libjvm.dylib+0x23aa02]  _ZN13CompileBroker25invoke_compiler_on_methodEP11CompileTask+0x578
V  [libjvm.dylib+0x23a328]  _ZN13CompileBroker20compiler_thread_loopEv+0x1b8
V  [libjvm.dylib+0x700342]  _ZN10JavaThread17thread_main_innerEv+0x82
V  [libjvm.dylib+0x70018d]  _ZN10JavaThread3runEv+0x1ab
V  [libjvm.dylib+0x600ad3]  _ZL19thread_native_entryP6Thread+0x135
C  [libsystem_pthread.dylib+0x3661]  _pthread_body+0x154
C  [libsystem_pthread.dylib+0x350d]  _pthread_body+0x0
C  [libsystem_pthread.dylib+0x2bf9]  thread_start+0xd


siginfo: si_signo: 11 (SIGSEGV), si_code: 0 (unknown), si_addr: 0x0000000000000000

Register to memory mapping:

RAX=0x00000000ffffffff is an unknown value
RBX=0x00000001291cef48 is pointing into metadata
RCX=0x000000000000000a is an unknown value
RDX=0x00100001291e4010 is an unknown value
RSP=0x000070000a984c80 is pointing into the stack for thread: 0x00007f85e500e000
RBP=0x000070000a984c80 is pointing into the stack for thread: 0x00007f85e500e000
RSI=0x0000000122cd1270 points into unknown readable memory
RDI=0x00000001291cef48 is pointing into metadata
R8 =0x0000000000000015 is an unknown value
R9 =0x0 is NULL
R10=0x0000000000000017 is an unknown value
R11=0xffffffffffffffff is an unknown value
R12=0x000070000a985120 is pointing into the stack for thread: 0x00007f85e500e000
R13=0x0000000000000002 is an unknown value
R14=0x00000001291cef48 is pointing into metadata
R15=0x0000000122cd1270 points into unknown readable memory


Registers:
RAX=0x00000000ffffffff, RBX=0x00000001291cef48, RCX=0x000000000000000a, RDX=0x00100001291e4010
RSP=0x000070000a984c80, RBP=0x000070000a984c80, RSI=0x0000000122cd1270, RDI=0x00000001291cef48
R8 =0x0000000000000015, R9 =0x0000000000000000, R10=0x0000000000000017, R11=0xffffffffffffffff
R12=0x000070000a985120, R13=0x0000000000000002, R14=0x00000001291cef48, R15=0x0000000122cd1270
RIP=0x0000000101d90e2c, EFLAGS=0x0000000000010207, ERR=0x0000000000000000
  TRAPNO=0x000000000000000d

Top of Stack: (sp=0x000070000a984c80)
0x000070000a984c80:   000070000a984ce0 0000000101d90cad
0x000070000a984c90:   000070000a984d40 0000000101efe091
0x000070000a984ca0:   0000000122ce9248 00000001e4735800
0x000070000a984cb0:   0000000000000001 00000001291cef48
0x000070000a984cc0:   000070000a985120 0000000000000002
0x000070000a984cd0:   0000000000000000 000070000a985108
0x000070000a984ce0:   000070000a984d00 0000000101d90bf0
0x000070000a984cf0:   000000080018b610 000070000a985108
0x000070000a984d00:   000070000a984d90 0000000101c847cc
0x000070000a984d10:   000070000a985100 000070000a984ed0
0x000070000a984d20:   000070000a984d40 0000000101d6c855
0x000070000a984d30:   000070000a984ed0 0000000122a612d0
0x000070000a984d40:   000070000a984e90 0000000101efda25
0x000070000a984d50:   0000000000000001 0000000122a612d0
0x000070000a984d60:   00007f85e500e000 0000000101efcdd3
0x000070000a984d70:   000000080018b610 000070000a985120
0x000070000a984d80:   0000000000000000 000070000a985108
0x000070000a984d90:   000070000a9850f0 0000000101c84ad2
0x000070000a984da0:   000000080018a6f8 0000000800169170
0x000070000a984db0:   0000000800198040 0000000122a612d0
0x000070000a984dc0:   00007f85e500e000 0000000000000000
0x000070000a984dd0:   0000000000000000 0000000000000000
0x000070000a984de0:   ffffffffffffff03 0000000000000000
0x000070000a984df0:   0000000122a612d0 0000000000000000
0x000070000a984e00:   0000000000000000 0000000000000000
0x000070000a984e10:   0000000000000000 0000000000000000
0x000070000a984e20:   0000000000000000 0000000000000000
0x000070000a984e30:   0000000000000003 0000000000000000
0x000070000a984e40:   0000000000000000 0000000000000000
0x000070000a984e50:   0000000000000000 0000000000000000
0x000070000a984e60:   000070000a985100 000070000a985000
0x000070000a984e70:   000070000a984e90 0000000101d6c855 

Instructions: (pc=0x0000000101d90e2c)
0x0000000101d90e0c:   ff ff ff 45 85 c0 7e 47 41 ff c8 45 31 c9 43 8d
0x0000000101d90e1c:   0c 01 d1 f9 48 63 d1 48 8b 54 d7 08 48 8b 52 08
0x0000000101d90e2c:   4c 8b 52 08 0f b7 52 2a 49 8b 54 d2 40 48 39 f2
0x0000000101d90e3c:   74 1b 44 8d 51 01 ff c9 48 39 f2 41 0f 42 c8 45 


---------------  P R O C E S S  ---------------

Threads class SMR info:
_java_thread_list=0x00007f85e8138c70, length=15, elements={
0x00007f85e400d000, 0x00007f85e40c5800, 0x00007f85e4842000, 0x00007f85e500a000,
0x00007f85e500d000, 0x00007f85e500e000, 0x00007f85e40cb000, 0x00007f85e5822800,
0x00007f85e5016800, 0x00007f85e510b800, 0x00007f85e4944000, 0x00007f85e514a000,
0x00007f85e5c2a000, 0x00007f85e4a58800, 0x00007f85e5279800
}

Java Threads: ( => current thread )
  0x00007f85e400d000 JavaThread "main" [_thread_blocked, id=7171, stack(0x0000000101039000,0x0000000101139000)]
  0x00007f85e40c5800 JavaThread "Reference Handler" daemon [_thread_blocked, id=18435, stack(0x000070000a47a000,0x000070000a57a000)]
  0x00007f85e4842000 JavaThread "Finalizer" daemon [_thread_blocked, id=13315, stack(0x000070000a57d000,0x000070000a67d000)]
  0x00007f85e500a000 JavaThread "Signal Dispatcher" daemon [_thread_blocked, id=17415, stack(0x000070000a680000,0x000070000a780000)]
  0x00007f85e500d000 JavaThread "C2 CompilerThread0" daemon [_thread_blocked, id=15363, stack(0x000070000a783000,0x000070000a883000)]
=>0x00007f85e500e000 JavaThread "C1 CompilerThread0" daemon [_thread_in_vm, id=21763, stack(0x000070000a886000,0x000070000a986000)]
  0x00007f85e40cb000 JavaThread "Sweeper thread" daemon [_thread_blocked, id=43011, stack(0x000070000a989000,0x000070000aa89000)]
  0x00007f85e5822800 JavaThread "Service Thread" daemon [_thread_blocked, id=42499, stack(0x000070000aa8c000,0x000070000ab8c000)]
  0x00007f85e5016800 JavaThread "Common-Cleaner" daemon [_thread_blocked, id=23299, stack(0x000070000ac92000,0x000070000ad92000)]
  0x00007f85e510b800 JavaThread "AppKit Thread" daemon [_thread_in_native, id=775, stack(0x00007ffeee3fe000,0x00007ffeeebfe000)]
  0x00007f85e4944000 JavaThread "Java2D Queue Flusher" daemon [_thread_blocked, id=75779, stack(0x000070000b021000,0x000070000b121000)]
  0x00007f85e514a000 JavaThread "Java2D Disposer" daemon [_thread_blocked, id=53003, stack(0x000070000b124000,0x000070000b224000)]
  0x00007f85e5c2a000 JavaThread "AWT-Shutdown" [_thread_blocked, id=30215, stack(0x000070000ae18000,0x000070000af18000)]
  0x00007f85e4a58800 JavaThread "AWT-EventQueue-0" [_thread_in_Java, id=71943, stack(0x000070000b227000,0x000070000b327000)]
  0x00007f85e5279800 JavaThread "TimerQueue" daemon [_thread_blocked, id=70163, stack(0x000070000b32a000,0x000070000b42a000)]

Other Threads:
  0x00007f85e4003800 VMThread "VM Thread" [stack: 0x000070000a377000,0x000070000a477000] [id=18947]
  0x00007f85e5829000 WatcherThread [stack: 0x000070000ab8f000,0x000070000ac8f000] [id=42243]
  0x00007f85e4019000 GCTaskThread "GC Thread#0" [stack: 0x0000700009e68000,0x0000700009f68000] [id=11779]
  0x00007f85e4055800 ConcurrentGCThread "G1 Main Marker" [stack: 0x0000700009f6b000,0x000070000a06b000] [id=20739]
  0x00007f85e4056000 ConcurrentGCThread "G1 Conc#0" [stack: 0x000070000a06e000,0x000070000a16e000] [id=20227]
  0x00007f85e40b7000 ConcurrentGCThread "G1 Refine#0" [stack: 0x000070000a171000,0x000070000a271000] [id=19715]
  0x00007f85e4810800 ConcurrentGCThread "G1 Young RemSet Sampling" [stack: 0x000070000a274000,0x000070000a374000] [id=19459]

Threads with active compile tasks:
C1 CompilerThread0 915       3       java.awt.Container::findComponentAtImpl (161 bytes)

VM state:not at safepoint (normal execution)

VM Mutex/Monitor currently owned by a thread:  ([mutex/lock_event])
[0x00007f85e3e0a170] Compile_lock - owner thread: 0x00007f85e500e000

Heap address: 0x0000000760000000, size: 2560 MB, Compressed Oops mode: Zero based, Oop shift amount: 3
Narrow klass base: 0x0000000800000000, Narrow klass shift: 0
Compressed class space size: 1073741824 Address: 0x0000000800000000

Heap:
 garbage-first heap   total 163840K, used 9216K [0x0000000760000000, 0x0000000800000000)
  region size 1024K, 10 young (10240K), 0 survivors (0K)
 Metaspace       used 14537K, capacity 14961K, committed 15104K, reserved 1062912K
  class space    used 1556K, capacity 1748K, committed 1792K, reserved 1048576K
Heap Regions: E=young(eden), S=young(survivor), O=old, HS=humongous(starts), HC=humongous(continues), CS=collection set, F=free, A=archive, TAMS=top-at-mark-start (previous, next)
|   0|0x0000000760000000, 0x0000000760000000, 0x0000000760100000|  0%| F|  |TAMS 0x0000000760000000, 0x0000000760000000| Untracked 
|   1|0x0000000760100000, 0x0000000760100000, 0x0000000760200000|  0%| F|  |TAMS 0x0000000760100000, 0x0000000760100000| Untracked 
|   2|0x0000000760200000, 0x0000000760200000, 0x0000000760300000|  0%| F|  |TAMS 0x0000000760200000, 0x0000000760200000| Untracked 
|   3|0x0000000760300000, 0x0000000760300000, 0x0000000760400000|  0%| F|  |TAMS 0x0000000760300000, 0x0000000760300000| Untracked 
|   4|0x0000000760400000, 0x0000000760400000, 0x0000000760500000|  0%| F|  |TAMS 0x0000000760400000, 0x0000000760400000| Untracked 
|   5|0x0000000760500000, 0x0000000760500000, 0x0000000760600000|  0%| F|  |TAMS 0x0000000760500000, 0x0000000760500000| Untracked 
|   6|0x0000000760600000, 0x0000000760600000, 0x0000000760700000|  0%| F|  |TAMS 0x0000000760600000, 0x0000000760600000| Untracked 
|   7|0x0000000760700000, 0x0000000760700000, 0x0000000760800000|  0%| F|  |TAMS 0x0000000760700000, 0x0000000760700000| Untracked 
|   8|0x0000000760800000, 0x0000000760800000, 0x0000000760900000|  0%| F|  |TAMS 0x0000000760800000, 0x0000000760800000| Untracked 
|   9|0x0000000760900000, 0x0000000760900000, 0x0000000760a00000|  0%| F|  |TAMS 0x0000000760900000, 0x0000000760900000| Untracked 
|  10|0x0000000760a00000, 0x0000000760a00000, 0x0000000760b00000|  0%| F|  |TAMS 0x0000000760a00000, 0x0000000760a00000| Untracked 
|  11|0x0000000760b00000, 0x0000000760b00000, 0x0000000760c00000|  0%| F|  |TAMS 0x0000000760b00000, 0x0000000760b00000| Untracked 
|  12|0x0000000760c00000, 0x0000000760c00000, 0x0000000760d00000|  0%| F|  |TAMS 0x0000000760c00000, 0x0000000760c00000| Untracked 
|  13|0x0000000760d00000, 0x0000000760d00000, 0x0000000760e00000|  0%| F|  |TAMS 0x0000000760d00000, 0x0000000760d00000| Untracked 
|  14|0x0000000760e00000, 0x0000000760e00000, 0x0000000760f00000|  0%| F|  |TAMS 0x0000000760e00000, 0x0000000760e00000| Untracked 
|  15|0x0000000760f00000, 0x0000000760f00000, 0x0000000761000000|  0%| F|  |TAMS 0x0000000760f00000, 0x0000000760f00000| Untracked 
|  16|0x0000000761000000, 0x0000000761000000, 0x0000000761100000|  0%| F|  |TAMS 0x0000000761000000, 0x0000000761000000| Untracked 
|  17|0x0000000761100000, 0x0000000761100000, 0x0000000761200000|  0%| F|  |TAMS 0x0000000761100000, 0x0000000761100000| Untracked 
|  18|0x0000000761200000, 0x0000000761200000, 0x0000000761300000|  0%| F|  |TAMS 0x0000000761200000, 0x0000000761200000| Untracked 
|  19|0x0000000761300000, 0x0000000761300000, 0x0000000761400000|  0%| F|  |TAMS 0x0000000761300000, 0x0000000761300000| Untracked 
|  20|0x0000000761400000, 0x0000000761400000, 0x0000000761500000|  0%| F|  |TAMS 0x0000000761400000, 0x0000000761400000| Untracked 
|  21|0x0000000761500000, 0x0000000761500000, 0x0000000761600000|  0%| F|  |TAMS 0x0000000761500000, 0x0000000761500000| Untracked 
|  22|0x0000000761600000, 0x0000000761600000, 0x0000000761700000|  0%| F|  |TAMS 0x0000000761600000, 0x0000000761600000| Untracked 
|  23|0x0000000761700000, 0x0000000761700000, 0x0000000761800000|  0%| F|  |TAMS 0x0000000761700000, 0x0000000761700000| Untracked 
|  24|0x0000000761800000, 0x0000000761800000, 0x0000000761900000|  0%| F|  |TAMS 0x0000000761800000, 0x0000000761800000| Untracked 
|  25|0x0000000761900000, 0x0000000761900000, 0x0000000761a00000|  0%| F|  |TAMS 0x0000000761900000, 0x0000000761900000| Untracked 
|  26|0x0000000761a00000, 0x0000000761a00000, 0x0000000761b00000|  0%| F|  |TAMS 0x0000000761a00000, 0x0000000761a00000| Untracked 
|  27|0x0000000761b00000, 0x0000000761b00000, 0x0000000761c00000|  0%| F|  |TAMS 0x0000000761b00000, 0x0000000761b00000| Untracked 
|  28|0x0000000761c00000, 0x0000000761c00000, 0x0000000761d00000|  0%| F|  |TAMS 0x0000000761c00000, 0x0000000761c00000| Untracked 
|  29|0x0000000761d00000, 0x0000000761d00000, 0x0000000761e00000|  0%| F|  |TAMS 0x0000000761d00000, 0x0000000761d00000| Untracked 
|  30|0x0000000761e00000, 0x0000000761e00000, 0x0000000761f00000|  0%| F|  |TAMS 0x0000000761e00000, 0x0000000761e00000| Untracked 
|  31|0x0000000761f00000, 0x0000000761f00000, 0x0000000762000000|  0%| F|  |TAMS 0x0000000761f00000, 0x0000000761f00000| Untracked 
|  32|0x0000000762000000, 0x0000000762000000, 0x0000000762100000|  0%| F|  |TAMS 0x0000000762000000, 0x0000000762000000| Untracked 
|  33|0x0000000762100000, 0x0000000762100000, 0x0000000762200000|  0%| F|  |TAMS 0x0000000762100000, 0x0000000762100000| Untracked 
|  34|0x0000000762200000, 0x0000000762200000, 0x0000000762300000|  0%| F|  |TAMS 0x0000000762200000, 0x0000000762200000| Untracked 
|  35|0x0000000762300000, 0x0000000762300000, 0x0000000762400000|  0%| F|  |TAMS 0x0000000762300000, 0x0000000762300000| Untracked 
|  36|0x0000000762400000, 0x0000000762400000, 0x0000000762500000|  0%| F|  |TAMS 0x0000000762400000, 0x0000000762400000| Untracked 
|  37|0x0000000762500000, 0x0000000762500000, 0x0000000762600000|  0%| F|  |TAMS 0x0000000762500000, 0x0000000762500000| Untracked 
|  38|0x0000000762600000, 0x0000000762600000, 0x0000000762700000|  0%| F|  |TAMS 0x0000000762600000, 0x0000000762600000| Untracked 
|  39|0x0000000762700000, 0x0000000762700000, 0x0000000762800000|  0%| F|  |TAMS 0x0000000762700000, 0x0000000762700000| Untracked 
|  40|0x0000000762800000, 0x0000000762800000, 0x0000000762900000|  0%| F|  |TAMS 0x0000000762800000, 0x0000000762800000| Untracked 
|  41|0x0000000762900000, 0x0000000762900000, 0x0000000762a00000|  0%| F|  |TAMS 0x0000000762900000, 0x0000000762900000| Untracked 
|  42|0x0000000762a00000, 0x0000000762a00000, 0x0000000762b00000|  0%| F|  |TAMS 0x0000000762a00000, 0x0000000762a00000| Untracked 
|  43|0x0000000762b00000, 0x0000000762b00000, 0x0000000762c00000|  0%| F|  |TAMS 0x0000000762b00000, 0x0000000762b00000| Untracked 
|  44|0x0000000762c00000, 0x0000000762c00000, 0x0000000762d00000|  0%| F|  |TAMS 0x0000000762c00000, 0x0000000762c00000| Untracked 
|  45|0x0000000762d00000, 0x0000000762d00000, 0x0000000762e00000|  0%| F|  |TAMS 0x0000000762d00000, 0x0000000762d00000| Untracked 
|  46|0x0000000762e00000, 0x0000000762e00000, 0x0000000762f00000|  0%| F|  |TAMS 0x0000000762e00000, 0x0000000762e00000| Untracked 
|  47|0x0000000762f00000, 0x0000000762f00000, 0x0000000763000000|  0%| F|  |TAMS 0x0000000762f00000, 0x0000000762f00000| Untracked 
|  48|0x0000000763000000, 0x0000000763000000, 0x0000000763100000|  0%| F|  |TAMS 0x0000000763000000, 0x0000000763000000| Untracked 
|  49|0x0000000763100000, 0x0000000763100000, 0x0000000763200000|  0%| F|  |TAMS 0x0000000763100000, 0x0000000763100000| Untracked 
|  50|0x0000000763200000, 0x0000000763200000, 0x0000000763300000|  0%| F|  |TAMS 0x0000000763200000, 0x0000000763200000| Untracked 
|  51|0x0000000763300000, 0x0000000763300000, 0x0000000763400000|  0%| F|  |TAMS 0x0000000763300000, 0x0000000763300000| Untracked 
|  52|0x0000000763400000, 0x0000000763400000, 0x0000000763500000|  0%| F|  |TAMS 0x0000000763400000, 0x0000000763400000| Untracked 
|  53|0x0000000763500000, 0x0000000763500000, 0x0000000763600000|  0%| F|  |TAMS 0x0000000763500000, 0x0000000763500000| Untracked 
|  54|0x0000000763600000, 0x0000000763600000, 0x0000000763700000|  0%| F|  |TAMS 0x0000000763600000, 0x0000000763600000| Untracked 
|  55|0x0000000763700000, 0x0000000763700000, 0x0000000763800000|  0%| F|  |TAMS 0x0000000763700000, 0x0000000763700000| Untracked 
|  56|0x0000000763800000, 0x0000000763800000, 0x0000000763900000|  0%| F|  |TAMS 0x0000000763800000, 0x0000000763800000| Untracked 
|  57|0x0000000763900000, 0x0000000763900000, 0x0000000763a00000|  0%| F|  |TAMS 0x0000000763900000, 0x0000000763900000| Untracked 
|  58|0x0000000763a00000, 0x0000000763a00000, 0x0000000763b00000|  0%| F|  |TAMS 0x0000000763a00000, 0x0000000763a00000| Untracked 
|  59|0x0000000763b00000, 0x0000000763b00000, 0x0000000763c00000|  0%| F|  |TAMS 0x0000000763b00000, 0x0000000763b00000| Untracked 
|  60|0x0000000763c00000, 0x0000000763c00000, 0x0000000763d00000|  0%| F|  |TAMS 0x0000000763c00000, 0x0000000763c00000| Untracked 
|  61|0x0000000763d00000, 0x0000000763d00000, 0x0000000763e00000|  0%| F|  |TAMS 0x0000000763d00000, 0x0000000763d00000| Untracked 
|  62|0x0000000763e00000, 0x0000000763e00000, 0x0000000763f00000|  0%| F|  |TAMS 0x0000000763e00000, 0x0000000763e00000| Untracked 
|  63|0x0000000763f00000, 0x0000000763f00000, 0x0000000764000000|  0%| F|  |TAMS 0x0000000763f00000, 0x0000000763f00000| Untracked 
|  64|0x0000000764000000, 0x0000000764000000, 0x0000000764100000|  0%| F|  |TAMS 0x0000000764000000, 0x0000000764000000| Untracked 
|  65|0x0000000764100000, 0x0000000764100000, 0x0000000764200000|  0%| F|  |TAMS 0x0000000764100000, 0x0000000764100000| Untracked 
|  66|0x0000000764200000, 0x0000000764200000, 0x0000000764300000|  0%| F|  |TAMS 0x0000000764200000, 0x0000000764200000| Untracked 
|  67|0x0000000764300000, 0x0000000764300000, 0x0000000764400000|  0%| F|  |TAMS 0x0000000764300000, 0x0000000764300000| Untracked 
|  68|0x0000000764400000, 0x0000000764400000, 0x0000000764500000|  0%| F|  |TAMS 0x0000000764400000, 0x0000000764400000| Untracked 
|  69|0x0000000764500000, 0x0000000764500000, 0x0000000764600000|  0%| F|  |TAMS 0x0000000764500000, 0x0000000764500000| Untracked 
|  70|0x0000000764600000, 0x0000000764600000, 0x0000000764700000|  0%| F|  |TAMS 0x0000000764600000, 0x0000000764600000| Untracked 
|  71|0x0000000764700000, 0x0000000764700000, 0x0000000764800000|  0%| F|  |TAMS 0x0000000764700000, 0x0000000764700000| Untracked 
|  72|0x0000000764800000, 0x0000000764800000, 0x0000000764900000|  0%| F|  |TAMS 0x0000000764800000, 0x0000000764800000| Untracked 
|  73|0x0000000764900000, 0x0000000764900000, 0x0000000764a00000|  0%| F|  |TAMS 0x0000000764900000, 0x0000000764900000| Untracked 
|  74|0x0000000764a00000, 0x0000000764a00000, 0x0000000764b00000|  0%| F|  |TAMS 0x0000000764a00000, 0x0000000764a00000| Untracked 
|  75|0x0000000764b00000, 0x0000000764b00000, 0x0000000764c00000|  0%| F|  |TAMS 0x0000000764b00000, 0x0000000764b00000| Untracked 
|  76|0x0000000764c00000, 0x0000000764c00000, 0x0000000764d00000|  0%| F|  |TAMS 0x0000000764c00000, 0x0000000764c00000| Untracked 
|  77|0x0000000764d00000, 0x0000000764d00000, 0x0000000764e00000|  0%| F|  |TAMS 0x0000000764d00000, 0x0000000764d00000| Untracked 
|  78|0x0000000764e00000, 0x0000000764e00000, 0x0000000764f00000|  0%| F|  |TAMS 0x0000000764e00000, 0x0000000764e00000| Untracked 
|  79|0x0000000764f00000, 0x0000000764f00000, 0x0000000765000000|  0%| F|  |TAMS 0x0000000764f00000, 0x0000000764f00000| Untracked 
|  80|0x0000000765000000, 0x0000000765000000, 0x0000000765100000|  0%| F|  |TAMS 0x0000000765000000, 0x0000000765000000| Untracked 
|  81|0x0000000765100000, 0x0000000765100000, 0x0000000765200000|  0%| F|  |TAMS 0x0000000765100000, 0x0000000765100000| Untracked 
|  82|0x0000000765200000, 0x0000000765200000, 0x0000000765300000|  0%| F|  |TAMS 0x0000000765200000, 0x0000000765200000| Untracked 
|  83|0x0000000765300000, 0x0000000765300000, 0x0000000765400000|  0%| F|  |TAMS 0x0000000765300000, 0x0000000765300000| Untracked 
|  84|0x0000000765400000, 0x0000000765400000, 0x0000000765500000|  0%| F|  |TAMS 0x0000000765400000, 0x0000000765400000| Untracked 
|  85|0x0000000765500000, 0x0000000765500000, 0x0000000765600000|  0%| F|  |TAMS 0x0000000765500000, 0x0000000765500000| Untracked 
|  86|0x0000000765600000, 0x0000000765600000, 0x0000000765700000|  0%| F|  |TAMS 0x0000000765600000, 0x0000000765600000| Untracked 
|  87|0x0000000765700000, 0x0000000765700000, 0x0000000765800000|  0%| F|  |TAMS 0x0000000765700000, 0x0000000765700000| Untracked 
|  88|0x0000000765800000, 0x0000000765800000, 0x0000000765900000|  0%| F|  |TAMS 0x0000000765800000, 0x0000000765800000| Untracked 
|  89|0x0000000765900000, 0x0000000765900000, 0x0000000765a00000|  0%| F|  |TAMS 0x0000000765900000, 0x0000000765900000| Untracked 
|  90|0x0000000765a00000, 0x0000000765a00000, 0x0000000765b00000|  0%| F|  |TAMS 0x0000000765a00000, 0x0000000765a00000| Untracked 
|  91|0x0000000765b00000, 0x0000000765b00000, 0x0000000765c00000|  0%| F|  |TAMS 0x0000000765b00000, 0x0000000765b00000| Untracked 
|  92|0x0000000765c00000, 0x0000000765c00000, 0x0000000765d00000|  0%| F|  |TAMS 0x0000000765c00000, 0x0000000765c00000| Untracked 
|  93|0x0000000765d00000, 0x0000000765d00000, 0x0000000765e00000|  0%| F|  |TAMS 0x0000000765d00000, 0x0000000765d00000| Untracked 
|  94|0x0000000765e00000, 0x0000000765e00000, 0x0000000765f00000|  0%| F|  |TAMS 0x0000000765e00000, 0x0000000765e00000| Untracked 
|  95|0x0000000765f00000, 0x0000000765f00000, 0x0000000766000000|  0%| F|  |TAMS 0x0000000765f00000, 0x0000000765f00000| Untracked 
|  96|0x0000000766000000, 0x0000000766000000, 0x0000000766100000|  0%| F|  |TAMS 0x0000000766000000, 0x0000000766000000| Untracked 
|  97|0x0000000766100000, 0x0000000766100000, 0x0000000766200000|  0%| F|  |TAMS 0x0000000766100000, 0x0000000766100000| Untracked 
|  98|0x0000000766200000, 0x0000000766200000, 0x0000000766300000|  0%| F|  |TAMS 0x0000000766200000, 0x0000000766200000| Untracked 
|  99|0x0000000766300000, 0x0000000766300000, 0x0000000766400000|  0%| F|  |TAMS 0x0000000766300000, 0x0000000766300000| Untracked 
| 100|0x0000000766400000, 0x0000000766400000, 0x0000000766500000|  0%| F|  |TAMS 0x0000000766400000, 0x0000000766400000| Untracked 
| 101|0x0000000766500000, 0x0000000766500000, 0x0000000766600000|  0%| F|  |TAMS 0x0000000766500000, 0x0000000766500000| Untracked 
| 102|0x0000000766600000, 0x0000000766600000, 0x0000000766700000|  0%| F|  |TAMS 0x0000000766600000, 0x0000000766600000| Untracked 
| 103|0x0000000766700000, 0x0000000766700000, 0x0000000766800000|  0%| F|  |TAMS 0x0000000766700000, 0x0000000766700000| Untracked 
| 104|0x0000000766800000, 0x0000000766800000, 0x0000000766900000|  0%| F|  |TAMS 0x0000000766800000, 0x0000000766800000| Untracked 
| 105|0x0000000766900000, 0x0000000766900000, 0x0000000766a00000|  0%| F|  |TAMS 0x0000000766900000, 0x0000000766900000| Untracked 
| 106|0x0000000766a00000, 0x0000000766a00000, 0x0000000766b00000|  0%| F|  |TAMS 0x0000000766a00000, 0x0000000766a00000| Untracked 
| 107|0x0000000766b00000, 0x0000000766b00000, 0x0000000766c00000|  0%| F|  |TAMS 0x0000000766b00000, 0x0000000766b00000| Untracked 
| 108|0x0000000766c00000, 0x0000000766c00000, 0x0000000766d00000|  0%| F|  |TAMS 0x0000000766c00000, 0x0000000766c00000| Untracked 
| 109|0x0000000766d00000, 0x0000000766d00000, 0x0000000766e00000|  0%| F|  |TAMS 0x0000000766d00000, 0x0000000766d00000| Untracked 
| 110|0x0000000766e00000, 0x0000000766e00000, 0x0000000766f00000|  0%| F|  |TAMS 0x0000000766e00000, 0x0000000766e00000| Untracked 
| 111|0x0000000766f00000, 0x0000000766f00000, 0x0000000767000000|  0%| F|  |TAMS 0x0000000766f00000, 0x0000000766f00000| Untracked 
| 112|0x0000000767000000, 0x0000000767000000, 0x0000000767100000|  0%| F|  |TAMS 0x0000000767000000, 0x0000000767000000| Untracked 
| 113|0x0000000767100000, 0x0000000767100000, 0x0000000767200000|  0%| F|  |TAMS 0x0000000767100000, 0x0000000767100000| Untracked 
| 114|0x0000000767200000, 0x0000000767200000, 0x0000000767300000|  0%| F|  |TAMS 0x0000000767200000, 0x0000000767200000| Untracked 
| 115|0x0000000767300000, 0x0000000767300000, 0x0000000767400000|  0%| F|  |TAMS 0x0000000767300000, 0x0000000767300000| Untracked 
| 116|0x0000000767400000, 0x0000000767400000, 0x0000000767500000|  0%| F|  |TAMS 0x0000000767400000, 0x0000000767400000| Untracked 
| 117|0x0000000767500000, 0x0000000767500000, 0x0000000767600000|  0%| F|  |TAMS 0x0000000767500000, 0x0000000767500000| Untracked 
| 118|0x0000000767600000, 0x0000000767600000, 0x0000000767700000|  0%| F|  |TAMS 0x0000000767600000, 0x0000000767600000| Untracked 
| 119|0x0000000767700000, 0x0000000767700000, 0x0000000767800000|  0%| F|  |TAMS 0x0000000767700000, 0x0000000767700000| Untracked 
| 120|0x0000000767800000, 0x0000000767800000, 0x0000000767900000|  0%| F|  |TAMS 0x0000000767800000, 0x0000000767800000| Untracked 
| 121|0x0000000767900000, 0x0000000767900000, 0x0000000767a00000|  0%| F|  |TAMS 0x0000000767900000, 0x0000000767900000| Untracked 
| 122|0x0000000767a00000, 0x0000000767a00000, 0x0000000767b00000|  0%| F|  |TAMS 0x0000000767a00000, 0x0000000767a00000| Untracked 
| 123|0x0000000767b00000, 0x0000000767b00000, 0x0000000767c00000|  0%| F|  |TAMS 0x0000000767b00000, 0x0000000767b00000| Untracked 
| 124|0x0000000767c00000, 0x0000000767c00000, 0x0000000767d00000|  0%| F|  |TAMS 0x0000000767c00000, 0x0000000767c00000| Untracked 
| 125|0x0000000767d00000, 0x0000000767d00000, 0x0000000767e00000|  0%| F|  |TAMS 0x0000000767d00000, 0x0000000767d00000| Untracked 
| 126|0x0000000767e00000, 0x0000000767e00000, 0x0000000767f00000|  0%| F|  |TAMS 0x0000000767e00000, 0x0000000767e00000| Untracked 
| 127|0x0000000767f00000, 0x0000000767f00000, 0x0000000768000000|  0%| F|  |TAMS 0x0000000767f00000, 0x0000000767f00000| Untracked 
| 128|0x0000000768000000, 0x0000000768000000, 0x0000000768100000|  0%| F|  |TAMS 0x0000000768000000, 0x0000000768000000| Untracked 
| 129|0x0000000768100000, 0x0000000768100000, 0x0000000768200000|  0%| F|  |TAMS 0x0000000768100000, 0x0000000768100000| Untracked 
| 130|0x0000000768200000, 0x0000000768200000, 0x0000000768300000|  0%| F|  |TAMS 0x0000000768200000, 0x0000000768200000| Untracked 
| 131|0x0000000768300000, 0x0000000768300000, 0x0000000768400000|  0%| F|  |TAMS 0x0000000768300000, 0x0000000768300000| Untracked 
| 132|0x0000000768400000, 0x0000000768400000, 0x0000000768500000|  0%| F|  |TAMS 0x0000000768400000, 0x0000000768400000| Untracked 
| 133|0x0000000768500000, 0x0000000768500000, 0x0000000768600000|  0%| F|  |TAMS 0x0000000768500000, 0x0000000768500000| Untracked 
| 134|0x0000000768600000, 0x0000000768600000, 0x0000000768700000|  0%| F|  |TAMS 0x0000000768600000, 0x0000000768600000| Untracked 
| 135|0x0000000768700000, 0x0000000768700000, 0x0000000768800000|  0%| F|  |TAMS 0x0000000768700000, 0x0000000768700000| Untracked 
| 136|0x0000000768800000, 0x0000000768800000, 0x0000000768900000|  0%| F|  |TAMS 0x0000000768800000, 0x0000000768800000| Untracked 
| 137|0x0000000768900000, 0x0000000768900000, 0x0000000768a00000|  0%| F|  |TAMS 0x0000000768900000, 0x0000000768900000| Untracked 
| 138|0x0000000768a00000, 0x0000000768a00000, 0x0000000768b00000|  0%| F|  |TAMS 0x0000000768a00000, 0x0000000768a00000| Untracked 
| 139|0x0000000768b00000, 0x0000000768b00000, 0x0000000768c00000|  0%| F|  |TAMS 0x0000000768b00000, 0x0000000768b00000| Untracked 
| 140|0x0000000768c00000, 0x0000000768c00000, 0x0000000768d00000|  0%| F|  |TAMS 0x0000000768c00000, 0x0000000768c00000| Untracked 
| 141|0x0000000768d00000, 0x0000000768d00000, 0x0000000768e00000|  0%| F|  |TAMS 0x0000000768d00000, 0x0000000768d00000| Untracked 
| 142|0x0000000768e00000, 0x0000000768e00000, 0x0000000768f00000|  0%| F|  |TAMS 0x0000000768e00000, 0x0000000768e00000| Untracked 
| 143|0x0000000768f00000, 0x0000000768f00000, 0x0000000769000000|  0%| F|  |TAMS 0x0000000768f00000, 0x0000000768f00000| Untracked 
| 144|0x0000000769000000, 0x0000000769000000, 0x0000000769100000|  0%| F|  |TAMS 0x0000000769000000, 0x0000000769000000| Untracked 
| 145|0x0000000769100000, 0x0000000769100000, 0x0000000769200000|  0%| F|  |TAMS 0x0000000769100000, 0x0000000769100000| Untracked 
| 146|0x0000000769200000, 0x0000000769200000, 0x0000000769300000|  0%| F|  |TAMS 0x0000000769200000, 0x0000000769200000| Untracked 
| 147|0x0000000769300000, 0x0000000769300000, 0x0000000769400000|  0%| F|  |TAMS 0x0000000769300000, 0x0000000769300000| Untracked 
| 148|0x0000000769400000, 0x0000000769400000, 0x0000000769500000|  0%| F|  |TAMS 0x0000000769400000, 0x0000000769400000| Untracked 
| 149|0x0000000769500000, 0x0000000769500000, 0x0000000769600000|  0%| F|  |TAMS 0x0000000769500000, 0x0000000769500000| Untracked 
| 150|0x0000000769600000, 0x0000000769700000, 0x0000000769700000|100%| E|  |TAMS 0x0000000769600000, 0x0000000769600000| Complete 
| 151|0x0000000769700000, 0x0000000769800000, 0x0000000769800000|100%| E|CS|TAMS 0x0000000769700000, 0x0000000769700000| Complete 
| 152|0x0000000769800000, 0x0000000769900000, 0x0000000769900000|100%| E|CS|TAMS 0x0000000769800000, 0x0000000769800000| Complete 
| 153|0x0000000769900000, 0x0000000769a00000, 0x0000000769a00000|100%| E|CS|TAMS 0x0000000769900000, 0x0000000769900000| Complete 
| 154|0x0000000769a00000, 0x0000000769b00000, 0x0000000769b00000|100%| E|CS|TAMS 0x0000000769a00000, 0x0000000769a00000| Complete 
| 155|0x0000000769b00000, 0x0000000769c00000, 0x0000000769c00000|100%| E|CS|TAMS 0x0000000769b00000, 0x0000000769b00000| Complete 
| 156|0x0000000769c00000, 0x0000000769d00000, 0x0000000769d00000|100%| E|CS|TAMS 0x0000000769c00000, 0x0000000769c00000| Complete 
| 157|0x0000000769d00000, 0x0000000769e00000, 0x0000000769e00000|100%| E|CS|TAMS 0x0000000769d00000, 0x0000000769d00000| Complete 
| 158|0x0000000769e00000, 0x0000000769f00000, 0x0000000769f00000|100%| E|CS|TAMS 0x0000000769e00000, 0x0000000769e00000| Complete 
| 159|0x0000000769f00000, 0x000000076a000000, 0x000000076a000000|100%| E|CS|TAMS 0x0000000769f00000, 0x0000000769f00000| Complete 

Card table byte_map: [0x0000000103254000,0x0000000103754000] _byte_map_base: 0x00000000ff754000

Marking Bits (Prev, Next): (CMBitMap*) 0x00007f85e404ac18, (CMBitMap*) 0x00007f85e404ac50
 Prev Bits: [0x0000000103c54000, 0x0000000106454000)
 Next Bits: [0x0000000106454000, 0x0000000108c54000)

Polling page: 0x0000000101175000

Metaspace:

Usage:
  Non-class:     12.90 MB capacity,    12.68 MB ( 98%) used,   186.99 KB (  1%) free+waste,    44.50 KB ( <1%) overhead. 
      Class:      1.71 MB capacity,     1.52 MB ( 89%) used,   166.88 KB ( 10%) free+waste,    24.88 KB (  1%) overhead. 
       Both:     14.61 MB capacity,    14.20 MB ( 97%) used,   353.88 KB (  2%) free+waste,    69.38 KB ( <1%) overhead. 

Virtual space:
  Non-class space:       14.00 MB reserved,      13.00 MB ( 93%) committed 
      Class space:        1.00 GB reserved,       1.75 MB ( <1%) committed 
             Both:        1.01 GB reserved,      14.75 MB (  1%) committed 

Chunk freelists:
   Non-Class:  8.38 KB
       Class:  1.50 KB
        Both:  9.88 KB

CodeHeap 'non-profiled nmethods': size=120032Kb used=306Kb max_used=306Kb free=119725Kb
 bounds [0x0000000118b91000, 0x0000000118e01000, 0x00000001200c9000]
CodeHeap 'profiled nmethods': size=120032Kb used=1728Kb max_used=1728Kb free=118303Kb
 bounds [0x0000000111659000, 0x00000001118c9000, 0x0000000118b91000]
CodeHeap 'non-nmethods': size=5696Kb used=1223Kb max_used=1232Kb free=4472Kb
 bounds [0x00000001110c9000, 0x0000000111339000, 0x0000000111659000]
 total_blobs=1683 nmethods=914 adapters=523
 compilation: enabled
              stopped_count=0, restarted_count=0
 full_count=0

Compilation events (10 events):
Event: 3.239 Thread 0x00007f85e500e000 nmethod 909 0x0000000111805190 code [0x0000000111805360, 0x00000001118056c8]
Event: 3.244 Thread 0x00007f85e500e000  910  s    3       java.awt.Toolkit::getDefaultToolkit (30 bytes)
Event: 3.244 Thread 0x00007f85e500e000 nmethod 910 0x0000000111805810 code [0x0000000111805a40, 0x0000000111806308]
Event: 3.246 Thread 0x00007f85e500e000  911       3       sun.awt.AWTAccessor::getComponentAccessor (18 bytes)
Event: 3.247 Thread 0x00007f85e500e000 nmethod 911 0x0000000111806510 code [0x00000001118066e0, 0x0000000111806928]
Event: 3.256 Thread 0x00007f85e500e000  912       3       sun.java2d.pipe.Region::dimAdd (20 bytes)
Event: 3.256 Thread 0x00007f85e500e000 nmethod 912 0x0000000111806a10 code [0x0000000111806bc0, 0x0000000111806d90]
Event: 3.266 Thread 0x00007f85e500e000  914       3       java.security.AccessControlContext::optimize (318 bytes)
Event: 3.269 Thread 0x00007f85e500e000 nmethod 914 0x0000000111806e10 code [0x00000001118071c0, 0x0000000111808ba8]
Event: 3.270 Thread 0x00007f85e500e000  915       3       java.awt.Container::findComponentAtImpl (161 bytes)

GC Heap History (0 events):
No events

Deoptimization events (7 events):
Event: 0.153 Thread 0x00007f85e400d000 Uncommon trap: reason=unstable_if action=reinterpret pc=0x0000000118b94e80 method=java.lang.String.hashCode()I @ 14 c2
Event: 0.248 Thread 0x00007f85e400d000 Uncommon trap: reason=unstable_if action=reinterpret pc=0x0000000118b99c94 method=java.lang.String.isLatin1()Z @ 10 c2
Event: 0.250 Thread 0x00007f85e400d000 Uncommon trap: reason=unstable_if action=reinterpret pc=0x0000000118b9a9f8 method=java.lang.String.isLatin1()Z @ 10 c2
Event: 1.435 Thread 0x00007f85e400d000 Uncommon trap: reason=unstable_if action=reinterpret pc=0x0000000118bb92a8 method=jdk.internal.org.objectweb.asm.Type.getArgumentsAndReturnSizes(Ljava/lang/String;)I @ 88 c2
Event: 2.645 Thread 0x00007f85e400d000 Uncommon trap: reason=unstable_if action=reinterpret pc=0x0000000118bca024 method=java.lang.StringLatin1.toLowerCase(Ljava/lang/String;[BLjava/util/Locale;)Ljava/lang/String; @ 40 c2
Event: 2.798 Thread 0x00007f85e400d000 Uncommon trap: reason=unstable_if action=reinterpret pc=0x0000000118bb45f0 method=jdk.internal.org.objectweb.asm.Frame.push(Ljdk/internal/org/objectweb/asm/ClassWriter;Ljava/lang/String;)V @ 18 c2
Event: 2.958 Thread 0x00007f85e4a58800 Uncommon trap: reason=unstable_if action=reinterpret pc=0x0000000118bbee78 method=java.lang.StringLatin1.replace([BCC)Ljava/lang/String; @ 19 c2

Classes redefined (0 events):
No events

Internal exceptions (10 events):
Event: 2.765 Thread 0x00007f85e400d000 Exception <a 'java/lang/NoSuchMethodError'{0x00000007697bff70}: java.lang.invoke.Invokers$Holder.linkToTargetMethod(IIIILjava/lang/Object;)Ljava/lang/Object;> (0x00000007697bff70) thrown at [/scratch/mesos/slaves/83bb4d84-382c-4ead-b585-d8ef0018fefe-S1933
Event: 2.766 Thread 0x00007f85e400d000 Exception <a 'java/lang/NoSuchMethodError'{0x00000007697c2e20}: java.lang.invoke.DirectMethodHandle$Holder.invokeStatic(Ljava/lang/Object;Ljava/lang/Object;J)V> (0x00000007697c2e20) thrown at [/scratch/mesos/slaves/83bb4d84-382c-4ead-b585-d8ef0018fefe-S19
Event: 2.880 Thread 0x00007f85e400d000 Exception <a 'java/lang/NoSuchMethodError'{0x00000007697f3948}: java.lang.invoke.DirectMethodHandle$Holder.invokeSpecial(Ljava/lang/Object;Ljava/lang/Object;J)V> (0x00000007697f3948) thrown at [/scratch/mesos/slaves/83bb4d84-382c-4ead-b585-d8ef0018fefe-S1
Event: 2.881 Thread 0x00007f85e400d000 Exception <a 'java/lang/NoSuchMethodError'{0x00000007697f9400}: java.lang.invoke.DirectMethodHandle$Holder.invokeStatic(Ljava/lang/Object;JJ)V> (0x00000007697f9400) thrown at [/scratch/mesos/slaves/83bb4d84-382c-4ead-b585-d8ef0018fefe-S19331/frameworks/17
Event: 2.882 Thread 0x00007f85e400d000 Exception <a 'java/lang/NoSuchMethodError'{0x00000007697fe5e8}: java.lang.invoke.DirectMethodHandle$Holder.invokeStatic(Ljava/lang/Object;J)Ljava/lang/Object;> (0x00000007697fe5e8) thrown at [/scratch/mesos/slaves/83bb4d84-382c-4ead-b585-d8ef0018fefe-S193
Event: 2.886 Thread 0x00007f85e400d000 Exception <a 'java/lang/NoSuchMethodError'{0x000000076960dae8}: java.lang.invoke.Invokers$Holder.linkToTargetMethod(Ljava/lang/Object;ILjava/lang/Object;)Ljava/lang/Object;> (0x000000076960dae8) thrown at [/scratch/mesos/slaves/83bb4d84-382c-4ead-b585-d8e
Event: 2.913 Thread 0x00007f85e4a58800 Exception <a 'java/lang/NoSuchMethodError'{0x000000076975ff88}: java.lang.invoke.DirectMethodHandle$Holder.invokeStatic(Ljava/lang/Object;IILjava/lang/Object;Ljava/lang/Object;Ljava/lang/Object;)Ljava/lang/Object;> (0x000000076975ff88) thrown at [/scratch
Event: 2.957 Thread 0x00007f85e4a58800 Exception <a 'java/lang/NoSuchMethodError'{0x000000076978c110}: java.lang.invoke.Invokers$Holder.linkToTargetMethod(Ljava/lang/Object;IILjava/lang/Object;)Ljava/lang/Object;> (0x000000076978c110) thrown at [/scratch/mesos/slaves/83bb4d84-382c-4ead-b585-d8
Event: 2.958 Thread 0x00007f85e4a58800 Exception <a 'java/lang/NoSuchMethodError'{0x00000007696528d0}: java.lang.invoke.DirectMethodHandle$Holder.invokeStatic(Ljava/lang/Object;Ljava/lang/Object;IIII)Ljava/lang/Object;> (0x00000007696528d0) thrown at [/scratch/mesos/slaves/83bb4d84-382c-4ead-b
Event: 2.960 Thread 0x00007f85e4a58800 Exception <a 'java/lang/NoSuchMethodError'{0x00000007696592e0}: java.lang.invoke.Invokers$Holder.linkToTargetMethod(Ljava/lang/Object;IIIILjava/lang/Object;)Ljava/lang/Object;> (0x00000007696592e0) thrown at [/scratch/mesos/slaves/83bb4d84-382c-4ead-b585-

Events (10 events):
Event: 3.206 loading class java/awt/Toolkit$ToolkitEventMulticaster done
Event: 3.206 loading class sun/lwawt/macosx/CCursorManager done
Event: 3.207 loading class sun/lwawt/LWCursorManager$1
Event: 3.207 loading class sun/lwawt/LWCursorManager$1 done
Event: 3.208 loading class java/awt/geom/Point2D$Double
Event: 3.208 loading class java/awt/geom/Point2D$Double done
Event: 3.208 loading class sun/lwawt/macosx/CCustomCursor
Event: 3.209 loading class sun/lwawt/macosx/CCustomCursor done
Event: 3.214 Executing VM operation: RevokeBias
Event: 3.214 Executing VM operation: RevokeBias done


Dynamic libraries:
0x00007fff31d9b000 	/System/Library/Frameworks/Cocoa.framework/Versions/A/Cocoa
0x00007fff3e3de000 	/System/Library/Frameworks/Security.framework/Versions/A/Security
0x00007fff309dc000 	/System/Library/Frameworks/ApplicationServices.framework/Versions/A/ApplicationServices
0x00007fff5a37d000 	/usr/lib/libz.1.dylib
0x00007fff5822f000 	/usr/lib/libSystem.B.dylib
0x00007fff3255c000 	/System/Library/Frameworks/CoreFoundation.framework/Versions/A/CoreFoundation
0x00007fff346d5000 	/System/Library/Frameworks/Foundation.framework/Versions/C/Foundation
0x00007fff5996a000 	/usr/lib/libobjc.A.dylib
0x00007fff2fb2c000 	/System/Library/Frameworks/AppKit.framework/Versions/C/AppKit
0x00007fff32113000 	/System/Library/Frameworks/CoreData.framework/Versions/A/CoreData
0x00007fff51ae8000 	/System/Library/PrivateFrameworks/RemoteViewServices.framework/Versions/A/RemoteViewServices
0x00007fff56261000 	/System/Library/PrivateFrameworks/UIFoundation.framework/Versions/A/UIFoundation
0x00007fff468f3000 	/System/Library/PrivateFrameworks/DFRFoundation.framework/Versions/A/DFRFoundation
0x00007fff36d44000 	/System/Library/Frameworks/Metal.framework/Versions/A/Metal
0x00007fff46a90000 	/System/Library/PrivateFrameworks/DesktopServicesPriv.framework/Versions/A/DesktopServicesPriv
0x00007fff58eb7000 	/usr/lib/libenergytrace.dylib
0x00007fff542cd000 	/System/Library/PrivateFrameworks/SkyLight.framework/Versions/A/SkyLight
0x00007fff329f8000 	/System/Library/Frameworks/CoreGraphics.framework/Versions/A/CoreGraphics
0x00007fff5822a000 	/usr/lib/libScreenReader.dylib
0x00007fff2e83e000 	/System/Library/Frameworks/Accelerate.framework/Versions/A/Accelerate
0x00007fff34e4f000 	/System/Library/Frameworks/IOSurface.framework/Versions/A/IOSurface
0x00007fff30f26000 	/System/Library/Frameworks/AudioToolbox.framework/Versions/A/AudioToolbox
0x00007fff311b6000 	/System/Library/Frameworks/AudioUnit.framework/Versions/A/AudioUnit
0x00007fff4698b000 	/System/Library/PrivateFrameworks/DataDetectorsCore.framework/Versions/A/DataDetectorsCore
0x00007fff3188e000 	/System/Library/Frameworks/Carbon.framework/Versions/A/Frameworks/HIToolbox.framework/Versions/A/HIToolbox
0x00007fff59011000 	/usr/lib/libicucore.A.dylib
0x00007fff3d95c000 	/System/Library/Frameworks/QuartzCore.framework/Versions/A/QuartzCore
0x00007fff5356f000 	/System/Library/PrivateFrameworks/SignpostNotification.framework/Versions/A/SignpostNotification
0x00007fff31c74000 	/System/Library/Frameworks/Carbon.framework/Versions/A/Frameworks/SpeechRecognition.framework/Versions/A/SpeechRecognition
0x00007fff5840d000 	/usr/lib/libauto.dylib
0x00007fff5a26c000 	/usr/lib/libxml2.2.dylib
0x00007fff46543000 	/System/Library/PrivateFrameworks/CoreUI.framework/Versions/A/CoreUI
0x00007fff31fef000 	/System/Library/Frameworks/CoreAudio.framework/Versions/A/CoreAudio
0x00007fff3450f000 	/System/Library/Frameworks/DiskArbitration.framework/Versions/A/DiskArbitration
0x00007fff59285000 	/usr/lib/liblangid.dylib
0x00007fff4dfeb000 	/System/Library/PrivateFrameworks/MultitouchSupport.framework/Versions/A/MultitouchSupport
0x00007fff34db2000 	/System/Library/Frameworks/IOKit.framework/Versions/A/IOKit
0x00007fff57eb9000 	/usr/lib/libDiagnosticMessagesClient.dylib
0x00007fff336ec000 	/System/Library/Frameworks/CoreServices.framework/Versions/A/CoreServices
0x00007fff4fb24000 	/System/Library/PrivateFrameworks/PerformanceAnalysis.framework/Versions/A/PerformanceAnalysis
0x00007fff3cafe000 	/System/Library/Frameworks/OpenGL.framework/Versions/A/OpenGL
0x00007fff31da9000 	/System/Library/Frameworks/ColorSync.framework/Versions/A/ColorSync
0x00007fff33028000 	/System/Library/Frameworks/CoreImage.framework/Versions/A/CoreImage
0x00007fff3407d000 	/System/Library/Frameworks/CoreText.framework/Versions/A/CoreText
0x00007fff34ead000 	/System/Library/Frameworks/ImageIO.framework/Versions/A/ImageIO
0x00007fff431ef000 	/System/Library/PrivateFrameworks/Backup.framework/Versions/A/Backup
0x00007fff582db000 	/usr/lib/libarchive.2.dylib
0x00007fff314d9000 	/System/Library/Frameworks/CFNetwork.framework/Versions/A/CFNetwork
0x00007fff3eb71000 	/System/Library/Frameworks/SystemConfiguration.framework/Versions/A/SystemConfiguration
0x00007fff57de2000 	/usr/lib/libCRFSuite.dylib
0x00007fff584e6000 	/usr/lib/libc++.1.dylib
0x00007fff5853d000 	/usr/lib/libc++abi.dylib
0x00007fff5a42b000 	/usr/lib/system/libcache.dylib
0x00007fff5a430000 	/usr/lib/system/libcommonCrypto.dylib
0x00007fff5a43b000 	/usr/lib/system/libcompiler_rt.dylib
0x00007fff5a443000 	/usr/lib/system/libcopyfile.dylib
0x00007fff5a44d000 	/usr/lib/system/libcorecrypto.dylib
0x00007fff5a55a000 	/usr/lib/system/libdispatch.dylib
0x00007fff5a594000 	/usr/lib/system/libdyld.dylib
0x00007fff5a5b2000 	/usr/lib/system/libkeymgr.dylib
0x00007fff5a5c0000 	/usr/lib/system/liblaunch.dylib
0x00007fff5a5c1000 	/usr/lib/system/libmacho.dylib
0x00007fff5a5c6000 	/usr/lib/system/libquarantine.dylib
0x00007fff5a5c9000 	/usr/lib/system/libremovefile.dylib
0x00007fff5a5cb000 	/usr/lib/system/libsystem_asl.dylib
0x00007fff5a5e3000 	/usr/lib/system/libsystem_blocks.dylib
0x00007fff5a5e4000 	/usr/lib/system/libsystem_c.dylib
0x00007fff5a66e000 	/usr/lib/system/libsystem_configuration.dylib
0x00007fff5a672000 	/usr/lib/system/libsystem_coreservices.dylib
0x00007fff5a676000 	/usr/lib/system/libsystem_darwin.dylib
0x00007fff5a678000 	/usr/lib/system/libsystem_dnssd.dylib
0x00007fff5a67f000 	/usr/lib/system/libsystem_info.dylib
0x00007fff5a6f0000 	/usr/lib/system/libsystem_m.dylib
0x00007fff5a73c000 	/usr/lib/system/libsystem_malloc.dylib
0x00007fff5a75c000 	/usr/lib/system/libsystem_network.dylib
0x00007fff5a88d000 	/usr/lib/system/libsystem_networkextension.dylib
0x00007fff5a898000 	/usr/lib/system/libsystem_notify.dylib
0x00007fff5a8b6000 	/usr/lib/system/libsystem_sandbox.dylib
0x00007fff5a8ba000 	/usr/lib/system/libsystem_secinit.dylib
0x00007fff5a6c9000 	/usr/lib/system/libsystem_kernel.dylib
0x00007fff5a8a2000 	/usr/lib/system/libsystem_platform.dylib
0x00007fff5a8aa000 	/usr/lib/system/libsystem_pthread.dylib
0x00007fff5a8bc000 	/usr/lib/system/libsystem_symptoms.dylib
0x00007fff5a8c4000 	/usr/lib/system/libsystem_trace.dylib
0x00007fff5a8d9000 	/usr/lib/system/libunwind.dylib
0x00007fff5a8df000 	/usr/lib/system/libxpc.dylib
0x00007fff57cf5000 	/usr/lib/closure/libclosured.dylib
0x00007fff584c7000 	/usr/lib/libbsm.0.dylib
0x00007fff5a5b3000 	/usr/lib/system/libkxld.dylib
0x00007fff580f3000 	/usr/lib/libOpenScriptingUtil.dylib
0x00007fff58836000 	/usr/lib/libcoretls.dylib
0x00007fff5884f000 	/usr/lib/libcoretls_cfhelpers.dylib
0x00007fff59d6e000 	/usr/lib/libpam.2.dylib
0x00007fff59e95000 	/usr/lib/libsqlite3.dylib
0x00007fff5a25b000 	/usr/lib/libxar.1.dylib
0x00007fff584d8000 	/usr/lib/libbz2.1.0.dylib
0x00007fff59287000 	/usr/lib/liblzma.5.dylib
0x00007fff59768000 	/usr/lib/libnetwork.dylib
0x00007fff582c4000 	/usr/lib/libapple_nghttp2.dylib
0x00007fff59d75000 	/usr/lib/libpcap.A.dylib
0x00007fff5840e000 	/usr/lib/libboringssl.dylib
0x00007fff5a1f6000 	/usr/lib/libusrtcp.dylib
0x00007fff582c3000 	/usr/lib/libapple_crypto.dylib
0x00007fff33a6f000 	/System/Library/Frameworks/CoreServices.framework/Versions/A/Frameworks/FSEvents.framework/Versions/A/FSEvents
0x00007fff33762000 	/System/Library/Frameworks/CoreServices.framework/Versions/A/Frameworks/CarbonCore.framework/Versions/A/CarbonCore
0x00007fff33c37000 	/System/Library/Frameworks/CoreServices.framework/Versions/A/Frameworks/Metadata.framework/Versions/A/Metadata
0x00007fff33ce8000 	/System/Library/Frameworks/CoreServices.framework/Versions/A/Frameworks/OSServices.framework/Versions/A/OSServices
0x00007fff33d49000 	/System/Library/Frameworks/CoreServices.framework/Versions/A/Frameworks/SearchKit.framework/Versions/A/SearchKit
0x00007fff336ed000 	/System/Library/Frameworks/CoreServices.framework/Versions/A/Frameworks/AE.framework/Versions/A/AE
0x00007fff33a78000 	/System/Library/Frameworks/CoreServices.framework/Versions/A/Frameworks/LaunchServices.framework/Versions/A/LaunchServices
0x00007fff33a3a000 	/System/Library/Frameworks/CoreServices.framework/Versions/A/Frameworks/DictionaryServices.framework/Versions/A/DictionaryServices
0x00007fff33db8000 	/System/Library/Frameworks/CoreServices.framework/Versions/A/Frameworks/SharedFileList.framework/Versions/A/SharedFileList
0x00007fff37f7a000 	/System/Library/Frameworks/NetFS.framework/Versions/A/NetFS
0x00007fff4e27c000 	/System/Library/PrivateFrameworks/NetAuth.framework/Versions/A/NetAuth
0x00007fff57b8c000 	/System/Library/PrivateFrameworks/login.framework/Versions/A/Frameworks/loginsupport.framework/Versions/A/loginsupport
0x00007fff55ede000 	/System/Library/PrivateFrameworks/TCC.framework/Versions/A/TCC
0x00007fff59368000 	/usr/lib/libmecabra.dylib
0x00007fff309dd000 	/System/Library/Frameworks/ApplicationServices.framework/Versions/A/Frameworks/ATS.framework/Versions/A/ATS
0x00007fff30d8b000 	/System/Library/Frameworks/ApplicationServices.framework/Versions/A/Frameworks/ColorSyncLegacy.framework/Versions/A/ColorSyncLegacy
0x00007fff30e2f000 	/System/Library/Frameworks/ApplicationServices.framework/Versions/A/Frameworks/HIServices.framework/Versions/A/HIServices
0x00007fff30e82000 	/System/Library/Frameworks/ApplicationServices.framework/Versions/A/Frameworks/LangAnalysis.framework/Versions/A/LangAnalysis
0x00007fff30e91000 	/System/Library/Frameworks/ApplicationServices.framework/Versions/A/Frameworks/PrintCore.framework/Versions/A/PrintCore
0x00007fff30ede000 	/System/Library/Frameworks/ApplicationServices.framework/Versions/A/Frameworks/QD.framework/Versions/A/QD
0x00007fff30f19000 	/System/Library/Frameworks/ApplicationServices.framework/Versions/A/Frameworks/SpeechSynthesis.framework/Versions/A/SpeechSynthesis
0x00007fff32478000 	/System/Library/Frameworks/CoreDisplay.framework/Versions/A/CoreDisplay
0x00007fff2e857000 	/System/Library/Frameworks/Accelerate.framework/Versions/A/Frameworks/vImage.framework/Versions/A/vImage
0x00007fff2f838000 	/System/Library/Frameworks/Accelerate.framework/Versions/A/Frameworks/vecLib.framework/Versions/A/vecLib
0x00007fff2f60d000 	/System/Library/Frameworks/Accelerate.framework/Versions/A/Frameworks/vecLib.framework/Versions/A/libvDSP.dylib
0x00007fff2f147000 	/System/Library/Frameworks/Accelerate.framework/Versions/A/Frameworks/vecLib.framework/Versions/A/libBNNS.dylib
0x00007fff2f573000 	/System/Library/Frameworks/Accelerate.framework/Versions/A/Frameworks/vecLib.framework/Versions/A/libQuadrature.dylib
0x00007fff2f781000 	/System/Library/Frameworks/Accelerate.framework/Versions/A/Frameworks/vecLib.framework/Versions/A/libvMisc.dylib
0x00007fff2f182000 	/System/Library/Frameworks/Accelerate.framework/Versions/A/Frameworks/vecLib.framework/Versions/A/libLAPACK.dylib
0x00007fff2efa6000 	/System/Library/Frameworks/Accelerate.framework/Versions/A/Frameworks/vecLib.framework/Versions/A/libBLAS.dylib
0x00007fff2f55c000 	/System/Library/Frameworks/Accelerate.framework/Versions/A/Frameworks/vecLib.framework/Versions/A/libLinearAlgebra.dylib
0x00007fff2f579000 	/System/Library/Frameworks/Accelerate.framework/Versions/A/Frameworks/vecLib.framework/Versions/A/libSparse.dylib
0x00007fff2f5fa000 	/System/Library/Frameworks/Accelerate.framework/Versions/A/Frameworks/vecLib.framework/Versions/A/libSparseBLAS.dylib
0x00007fff4b0cf000 	/System/Library/PrivateFrameworks/GPUWrangler.framework/Versions/A/GPUWrangler
0x00007fff4c860000 	/System/Library/PrivateFrameworks/IOAccelerator.framework/Versions/A/IOAccelerator
0x00007fff4c86b000 	/System/Library/PrivateFrameworks/IOPresentment.framework/Versions/A/IOPresentment
0x00007fff46905000 	/System/Library/PrivateFrameworks/DSExternalDisplay.framework/Versions/A/DSExternalDisplay
0x00007fff3bf7d000 	/System/Library/Frameworks/OpenGL.framework/Versions/A/Libraries/libCoreFSCache.dylib
0x00007fff341ce000 	/System/Library/Frameworks/CoreVideo.framework/Versions/A/CoreVideo
0x00007fff4be4a000 	/System/Library/PrivateFrameworks/GraphVisualizer.framework/Versions/A/GraphVisualizer
0x00007fff36f7b000 	/System/Library/Frameworks/MetalPerformanceShaders.framework/Versions/A/MetalPerformanceShaders
0x00007fff57ef1000 	/usr/lib/libFosl_dynamic.dylib
0x00007fff479d9000 	/System/Library/PrivateFrameworks/FaceCore.framework/Versions/A/FaceCore
0x00007fff3ad78000 	/System/Library/Frameworks/OpenCL.framework/Versions/A/OpenCL
0x00007fff58574000 	/usr/lib/libcompression.dylib
0x00007fff30adc000 	/System/Library/Frameworks/ApplicationServices.framework/Versions/A/Frameworks/ATS.framework/Versions/A/Resources/libFontParser.dylib
0x00007fff30bff000 	/System/Library/Frameworks/ApplicationServices.framework/Versions/A/Frameworks/ATS.framework/Versions/A/Resources/libFontRegistry.dylib
0x00007fff35118000 	/System/Library/Frameworks/ImageIO.framework/Versions/A/Resources/libJPEG.dylib
0x00007fff35442000 	/System/Library/Frameworks/ImageIO.framework/Versions/A/Resources/libTIFF.dylib
0x00007fff35418000 	/System/Library/Frameworks/ImageIO.framework/Versions/A/Resources/libPng.dylib
0x00007fff3502b000 	/System/Library/Frameworks/ImageIO.framework/Versions/A/Resources/libGIF.dylib
0x00007fff35030000 	/System/Library/Frameworks/ImageIO.framework/Versions/A/Resources/libJP2.dylib
0x00007fff3543f000 	/System/Library/Frameworks/ImageIO.framework/Versions/A/Resources/libRadiance.dylib
0x00007fff42919000 	/System/Library/PrivateFrameworks/AppleJPEG.framework/Versions/A/AppleJPEG
0x00007fff36de2000 	/System/Library/Frameworks/MetalPerformanceShaders.framework/Frameworks/MPSCore.framework/Versions/A/MPSCore
0x00007fff36dfe000 	/System/Library/Frameworks/MetalPerformanceShaders.framework/Frameworks/MPSImage.framework/Versions/A/MPSImage
0x00007fff36e93000 	/System/Library/Frameworks/MetalPerformanceShaders.framework/Frameworks/MPSNeuralNetwork.framework/Versions/A/MPSNeuralNetwork
0x00007fff36e6e000 	/System/Library/Frameworks/MetalPerformanceShaders.framework/Frameworks/MPSMatrix.framework/Versions/A/MPSMatrix
0x00007fff4dd61000 	/System/Library/PrivateFrameworks/MetalTools.framework/Versions/A/MetalTools
0x00007fff3c148000 	/System/Library/Frameworks/OpenGL.framework/Versions/A/Libraries/libGLU.dylib
0x00007fff3bf88000 	/System/Library/Frameworks/OpenGL.framework/Versions/A/Libraries/libGFXShared.dylib
0x00007fff3bf92000 	/System/Library/Frameworks/OpenGL.framework/Versions/A/Libraries/libGL.dylib
0x00007fff3bf9e000 	/System/Library/Frameworks/OpenGL.framework/Versions/A/Libraries/libGLImage.dylib
0x00007fff3bf7a000 	/System/Library/Frameworks/OpenGL.framework/Versions/A/Libraries/libCVMSPluginSupport.dylib
0x00007fff3bf83000 	/System/Library/Frameworks/OpenGL.framework/Versions/A/Libraries/libCoreVMClient.dylib
0x00007fff58d21000 	/usr/lib/libcups.2.dylib
0x00007fff36349000 	/System/Library/Frameworks/Kerberos.framework/Versions/A/Kerberos
0x00007fff34b0c000 	/System/Library/Frameworks/GSS.framework/Versions/A/GSS
0x00007fff59e28000 	/usr/lib/libresolv.9.dylib
0x00007fff58f1f000 	/usr/lib/libiconv.2.dylib
0x00007fff4bedc000 	/System/Library/PrivateFrameworks/Heimdal.framework/Versions/A/Heimdal
0x00007fff58eee000 	/usr/lib/libheimdal-asn1.dylib
0x00007fff3adf0000 	/System/Library/Frameworks/OpenDirectory.framework/Versions/A/OpenDirectory
0x00007fff44c30000 	/System/Library/PrivateFrameworks/CommonAuth.framework/Versions/A/CommonAuth
0x00007fff3add3000 	/System/Library/Frameworks/OpenDirectory.framework/Versions/A/Frameworks/CFOpenDirectory.framework/Versions/A/CFOpenDirectory
0x00007fff3e70a000 	/System/Library/Frameworks/SecurityFoundation.framework/Versions/A/SecurityFoundation
0x00007fff41ade000 	/System/Library/PrivateFrameworks/APFS.framework/Versions/A/APFS
0x00007fff5a257000 	/usr/lib/libutil.dylib
0x00007fff4299c000 	/System/Library/PrivateFrameworks/AppleSauce.framework/Versions/A/AppleSauce
0x00007fff4d048000 	/System/Library/PrivateFrameworks/LinguisticData.framework/Versions/A/LinguisticData
0x00007fff592a1000 	/usr/lib/libmarisa.dylib
0x00007fff4d002000 	/System/Library/PrivateFrameworks/Lexicon.framework/Versions/A/Lexicon
0x00007fff57e1c000 	/usr/lib/libChineseTokenizer.dylib
0x00007fff58563000 	/usr/lib/libcmph.dylib
0x00007fff4cf0c000 	/System/Library/PrivateFrameworks/LanguageModeling.framework/Versions/A/LanguageModeling
0x00007fff4574d000 	/System/Library/PrivateFrameworks/CoreEmoji.framework/Versions/A/CoreEmoji
0x00007fff3e7c8000 	/System/Library/Frameworks/ServiceManagement.framework/Versions/A/ServiceManagement
0x00007fff431e7000 	/System/Library/PrivateFrameworks/BackgroundTaskManagement.framework/Versions/A/BackgroundTaskManagement
0x00007fff5a354000 	/usr/lib/libxslt.1.dylib
0x00007fff31b9e000 	/System/Library/Frameworks/Carbon.framework/Versions/A/Frameworks/Ink.framework/Versions/A/Ink
0x00007fff560f3000 	/System/Library/PrivateFrameworks/TextureIO.framework/Versions/A/TextureIO
0x00007fff58306000 	/usr/lib/libate.dylib
0x00007fff46864000 	/System/Library/PrivateFrameworks/CrashReporterSupport.framework/Versions/A/CrashReporterSupport
0x00007fff5342f000 	/System/Library/PrivateFrameworks/Sharing.framework/Versions/A/Sharing
0x00007fff4cc4d000 	/System/Library/PrivateFrameworks/IconServices.framework/Versions/A/IconServices
0x00007fff42e17000 	/System/Library/PrivateFrameworks/AuthKit.framework/Versions/A/AuthKit
0x00007fff4279c000 	/System/Library/PrivateFrameworks/Apple80211.framework/Versions/A/Apple80211
0x00007fff46679000 	/System/Library/PrivateFrameworks/CoreUtils.framework/Versions/A/CoreUtils
0x00007fff34209000 	/System/Library/Frameworks/CoreWLAN.framework/Versions/A/CoreWLAN
0x00007fff34c4e000 	/System/Library/Frameworks/IOBluetooth.framework/Versions/A/IOBluetooth
0x00007fff518f3000 	/System/Library/PrivateFrameworks/ProtocolBuffer.framework/Versions/A/ProtocolBuffer
0x00007fff4df46000 	/System/Library/PrivateFrameworks/MobileKeyBag.framework/Versions/A/MobileKeyBag
0x00007fff45ef1000 	/System/Library/PrivateFrameworks/CorePhoneNumbers.framework/Versions/A/CorePhoneNumbers
0x00007fff428d4000 	/System/Library/PrivateFrameworks/AppleIDAuthSupport.framework/Versions/A/AppleIDAuthSupport
0x00007fff4cef8000 	/System/Library/PrivateFrameworks/KeychainCircle.framework/Versions/A/KeychainCircle
0x00007fff467ff000 	/System/Library/PrivateFrameworks/CoreWiFi.framework/Versions/A/CoreWiFi
0x00007fff320e9000 	/System/Library/Frameworks/CoreBluetooth.framework/Versions/A/CoreBluetooth
0x00007fff46a4f000 	/System/Library/PrivateFrameworks/DebugSymbols.framework/Versions/A/DebugSymbols
0x00007fff4642f000 	/System/Library/PrivateFrameworks/CoreSymbolication.framework/Versions/A/CoreSymbolication
0x00007fff558e5000 	/System/Library/PrivateFrameworks/Symbolication.framework/Versions/A/Symbolication
0x00007fff427c6000 	/System/Library/PrivateFrameworks/AppleFSCompression.framework/Versions/A/AppleFSCompression
0x00007fff54d32000 	/System/Library/PrivateFrameworks/SpeechRecognitionCore.framework/Versions/A/SpeechRecognitionCore
0x0000000101a00000 	/Library/Java/JavaVirtualMachines/jdk-11.0.1.jdk/Contents/Home/lib/server/libjvm.dylib
0x000000010113b000 	/Library/Java/JavaVirtualMachines/jdk-11.0.1.jdk/Contents/Home/lib/libverify.dylib
0x0000000101147000 	/Library/Java/JavaVirtualMachines/jdk-11.0.1.jdk/Contents/Home/lib/libjava.dylib
0x00000001011bf000 	/Library/Java/JavaVirtualMachines/jdk-11.0.1.jdk/Contents/Home/lib/libzip.dylib
0x00000001011c7000 	/Library/Java/JavaVirtualMachines/jdk-11.0.1.jdk/Contents/Home/lib/libjimage.dylib
0x0000000108cf6000 	/Library/Java/JavaVirtualMachines/jdk-11.0.1.jdk/Contents/Home/lib/libnio.dylib
0x0000000122da4000 	/Library/Java/JavaVirtualMachines/jdk-11.0.1.jdk/Contents/Home/lib/./libnet.dylib
0x0000000122e40000 	/Library/Java/JavaVirtualMachines/jdk-11.0.1.jdk/Contents/Home/lib/libawt.dylib
0x0000000122eda000 	/Library/Java/JavaVirtualMachines/jdk-11.0.1.jdk/Contents/Home/lib/./libmlib_image.dylib
0x00007fff36332000 	/System/Library/Frameworks/JavaVM.framework/Versions/A/Frameworks/JavaNativeFoundation.framework/Versions/A/JavaNativeFoundation
0x00007fff3633b000 	/System/Library/Frameworks/JavaVM.framework/Versions/A/Frameworks/JavaRuntimeSupport.framework/Versions/A/JavaRuntimeSupport
0x00007fff36344000 	/System/Library/Frameworks/JavaVM.framework/Versions/A/JavaVM
0x00007fff4ce0e000 	/System/Library/PrivateFrameworks/JavaLaunching.framework/Versions/A/JavaLaunching
0x00007fff31889000 	/System/Library/Frameworks/Carbon.framework/Versions/A/Carbon
0x00007fff3188a000 	/System/Library/Frameworks/Carbon.framework/Versions/A/Frameworks/CommonPanels.framework/Versions/A/CommonPanels
0x00007fff31b94000 	/System/Library/Frameworks/Carbon.framework/Versions/A/Frameworks/Help.framework/Versions/A/Help
0x00007fff31b98000 	/System/Library/Frameworks/Carbon.framework/Versions/A/Frameworks/ImageCapture.framework/Versions/A/ImageCapture
0x00007fff31c34000 	/System/Library/Frameworks/Carbon.framework/Versions/A/Frameworks/OpenScripting.framework/Versions/A/OpenScripting
0x00007fff31c6f000 	/System/Library/Frameworks/Carbon.framework/Versions/A/Frameworks/Print.framework/Versions/A/Print
0x00007fff31c71000 	/System/Library/Frameworks/Carbon.framework/Versions/A/Frameworks/SecurityHI.framework/Versions/A/SecurityHI
0x0000000122f40000 	/Library/Java/JavaVirtualMachines/jdk-11.0.1.jdk/Contents/Home/lib/libawt_lwawt.dylib
0x0000000122fed000 	/Library/Java/JavaVirtualMachines/jdk-11.0.1.jdk/Contents/Home/lib/./libosxapp.dylib
0x00007fff346ae000 	/System/Library/Frameworks/ExceptionHandling.framework/Versions/A/ExceptionHandling
0x0000000123208000 	/Library/Java/JavaVirtualMachines/jdk-11.0.1.jdk/Contents/Home/lib/libfontmanager.dylib
0x0000000123298000 	/Library/Java/JavaVirtualMachines/jdk-11.0.1.jdk/Contents/Home/lib/./libfreetype.dylib
0x00007fff46084000 	/System/Library/PrivateFrameworks/CoreServicesInternal.framework/Versions/A/CoreServicesInternal
0x00007fff2a87c000 	/System/Library/CoreServices/RawCamera.bundle/Contents/MacOS/RawCamera
0x00007fff4ddd3000 	/System/Library/PrivateFrameworks/MobileAsset.framework/Versions/A/MobileAsset
0x00007fff551ec000 	/System/Library/PrivateFrameworks/StreamingZip.framework/Versions/A/StreamingZip
0x00007fff366d8000 	/System/Library/Frameworks/MediaToolbox.framework/Versions/A/MediaToolbox
0x00007fff4537e000 	/System/Library/PrivateFrameworks/CoreAVCHD.framework/Versions/A/CoreAVCHD
0x00007fff36621000 	/System/Library/Frameworks/MediaAccessibility.framework/Versions/A/MediaAccessibility
0x00007fff4d84e000 	/System/Library/PrivateFrameworks/Mangrove.framework/Versions/A/Mangrove
0x00007fff335a6000 	/System/Library/Frameworks/CoreMedia.framework/Versions/A/CoreMedia
0x00007fff3ed96000 	/System/Library/Frameworks/VideoToolbox.framework/Versions/A/VideoToolbox
0x00007fff44f75000 	/System/Library/PrivateFrameworks/CoreAUC.framework/Versions/A/CoreAUC
0x00007fff59e93000 	/usr/lib/libspindump.dylib
0x00007fff42a91000 	/System/Library/PrivateFrameworks/AppleVA.framework/Versions/A/AppleVA
0x00007fff2e83f000 	/System/Library/Frameworks/Accelerate.framework/Versions/A/Frameworks/vImage.framework/Versions/A/Libraries/libCGInterfaces.dylib
0x00007fff30cee000 	/System/Library/Frameworks/ApplicationServices.framework/Versions/A/Frameworks/ATS.framework/Versions/A/Resources/libTrueTypeScaler.dylib
0x00007fff2c157000 	/System/Library/Extensions/AppleIntelHD4000GraphicsMTLDriver.bundle/Contents/MacOS/AppleIntelHD4000GraphicsMTLDriver
0x00007fff49a63000 	/System/Library/PrivateFrameworks/GPUCompiler.framework/Versions/3802/Libraries/libmetal_timestamp.dylib
0x00000001231c3000 	/Library/Java/JavaVirtualMachines/jdk-11.0.1.jdk/Contents/Home/lib/libosxui.dylib
0x00007fff3cb0e000 	/System/Library/Frameworks/OpenGL.framework/Versions/A/Resources/GLEngine.bundle/GLEngine
0x00007fff3bfda000 	/System/Library/Frameworks/OpenGL.framework/Versions/A/Libraries/libGLProgrammability.dylib
0x00000001280ec000 	/System/Library/Extensions/AppleIntelHD4000GraphicsGLDriver.bundle/Contents/MacOS/AppleIntelHD4000GraphicsGLDriver
0x00007fff4b0c3000 	/System/Library/PrivateFrameworks/GPUSupport.framework/Versions/A/Libraries/libGPUSupportMercury.dylib
0x00007fff3cca6000 	/System/Library/Frameworks/OpenGL.framework/Versions/A/Resources/GLRendererFloat.bundle/GLRendererFloat
0x00007fff3ad6f000 	/System/Library/Frameworks/OpenCL.framework/Versions/A/Libraries/libcldcpuengine.dylib
0x00007fff589e9000 	/usr/lib/libcrypto.35.dylib
0x00007fff5625a000 	/System/Library/PrivateFrameworks/TrustEvaluationAgent.framework/Versions/A/TrustEvaluationAgent


VM Arguments:
jvm_args: -Dfile.encoding=UTF-8 
java_command: Leitura4.AccountTest
java_class_path (initial): /Users/gabrield.padua/eclipse-workspace/java/PDC-java/bin
Launcher Type: SUN_STANDARD

[Global flags]
     intx CICompilerCount                          = 3                                         {product} {ergonomic}
     uint ConcGCThreads                            = 1                                         {product} {ergonomic}
     uint G1ConcRefinementThreads                  = 4                                         {product} {ergonomic}
   size_t G1HeapRegionSize                         = 1048576                                   {product} {ergonomic}
    uintx GCDrainStackTargetSize                   = 64                                        {product} {ergonomic}
   size_t InitialHeapSize                          = 167772160                                 {product} {ergonomic}
   size_t MarkStackSize                            = 4194304                                   {product} {ergonomic}
   size_t MaxHeapSize                              = 2684354560                                {product} {ergonomic}
   size_t MaxNewSize                               = 1610612736                                {product} {ergonomic}
   size_t MinHeapDeltaBytes                        = 1048576                                   {product} {ergonomic}
    uintx NonNMethodCodeHeapSize                   = 5830092                                {pd product} {ergonomic}
    uintx NonProfiledCodeHeapSize                  = 122914074                              {pd product} {ergonomic}
    uintx ProfiledCodeHeapSize                     = 122914074                              {pd product} {ergonomic}
    uintx ReservedCodeCacheSize                    = 251658240                              {pd product} {ergonomic}
     bool SegmentedCodeCache                       = true                                      {product} {ergonomic}
     bool UseCompressedClassPointers               = true                                 {lp64_product} {ergonomic}
     bool UseCompressedOops                        = true                                 {lp64_product} {ergonomic}
     bool UseG1GC                                  = true                                      {product} {ergonomic}

Logging:
Log output configuration:
 #0: stdout all=warning uptime,level,tags
 #1: stderr all=off uptime,level,tags

Environment Variables:
PATH=/usr/bin:/bin:/usr/sbin:/sbin
SHELL=/bin/zsh

Signal Handlers:
SIGSEGV: [libjvm.dylib+0x7525b4], sa_mask[0]=11111111011111110111111111111111, sa_flags=SA_ONSTACK|SA_RESTART|SA_SIGINFO
SIGBUS: [libjvm.dylib+0x7525b4], sa_mask[0]=11111111011111110111111111111111, sa_flags=SA_RESTART|SA_SIGINFO
SIGFPE: [libjvm.dylib+0x7525b4], sa_mask[0]=11111111011111110111111111111111, sa_flags=SA_RESTART|SA_SIGINFO
SIGPIPE: [libjvm.dylib+0x602b72], sa_mask[0]=11111111011111110111111111111111, sa_flags=SA_RESTART|SA_SIGINFO
SIGXFSZ: [libjvm.dylib+0x602b72], sa_mask[0]=11111111011111110111111111111111, sa_flags=SA_RESTART|SA_SIGINFO
SIGILL: [libjvm.dylib+0x7525b4], sa_mask[0]=11111111011111110111111111111111, sa_flags=SA_RESTART|SA_SIGINFO
SIGUSR2: [libjvm.dylib+0x603157], sa_mask[0]=00100000000000000000000000000000, sa_flags=SA_RESTART|SA_SIGINFO
SIGHUP: [libjvm.dylib+0x601bb3], sa_mask[0]=11111111011111110111111111111111, sa_flags=SA_RESTART|SA_SIGINFO
SIGINT: [libjvm.dylib+0x601bb3], sa_mask[0]=11111111011111110111111111111111, sa_flags=SA_RESTART|SA_SIGINFO
SIGTERM: [libjvm.dylib+0x601bb3], sa_mask[0]=11111111011111110111111111111111, sa_flags=SA_RESTART|SA_SIGINFO
SIGQUIT: [libjvm.dylib+0x601bb3], sa_mask[0]=11111111011111110111111111111111, sa_flags=SA_RESTART|SA_SIGINFO


---------------  S Y S T E M  ---------------

OS:uname:Darwin 17.7.0 Darwin Kernel Version 17.7.0: Fri Nov  2 20:43:16 PDT 2018; root:xnu-4570.71.17~1/RELEASE_X86_64 x86_64
rlimit: STACK 8192k, CORE 0k, NPROC 709, NOFILE 10240, AS infinity, DATA infinity, FSIZE infinity
load average:1.69 1.59 1.56

CPU:total 4 (initial active 4) (2 cores per cpu, 2 threads per core) family 6 model 58 stepping 9, cmov, cx8, fxsr, mmx, sse, sse2, sse3, ssse3, sse4.1, sse4.2, popcnt, avx, aes, clmul, erms, ht, tsc, tscinvbit, tscinv

Memory: 4k page, physical 10485760k(1327532k free)

vm_info: Java HotSpot(TM) 64-Bit Server VM (11.0.1+13-LTS) for bsd-amd64 JRE (11.0.1+13-LTS), built on Oct  6 2018 12:16:08 by "mach5one" with gcc 4.2.1 Compatible Apple LLVM 9.1.0 (clang-902.0.39.2)

END.
